{"contracts/DefiContribute.sol":{"l":{"60":42,"61":38,"63":4,"68":19,"69":17,"71":2,"76":3,"77":2,"79":1,"84":35,"85":2,"87":33,"91":5,"92":2,"94":3,"104":27,"105":27,"109":2,"110":1,"111":1,"113":1,"122":33,"123":31,"124":31,"125":31,"126":31,"128":2,"136":8,"137":7,"138":7,"139":7,"141":1,"149":19,"150":18,"151":18,"153":1,"158":2,"159":1,"160":1,"161":1,"163":1,"168":17,"169":17,"170":17,"171":17,"179":12,"180":10,"181":10,"183":2,"191":2,"192":2,"193":2,"194":2,"195":2,"196":1,"197":1,"199":2,"203":7,"204":5,"205":5,"207":2,"212":2,"213":1,"214":1,"215":1,"216":1,"217":1,"219":1},"path":"/home/useradd/selfMade/defi-donation/hardhat-defi-donation/contracts/DefiContribute.sol","s":{"1":42,"2":19,"3":3,"4":35,"5":5,"6":27,"7":2,"8":1,"9":33,"10":31,"11":31,"12":8,"13":7,"14":19,"15":18,"16":2,"17":1,"18":17,"19":12,"20":10,"21":2,"22":2,"23":2,"24":2,"25":1,"26":2,"27":7,"28":5,"29":2,"30":1,"31":1,"32":1,"33":1},"b":{"1":[38,4],"2":[17,2],"3":[2,1],"4":[2,33],"5":[1,1],"6":[2,3],"7":[27,1],"8":[2,1],"9":[1,1],"10":[33,2],"11":[31,2],"12":[7,1],"13":[19,1],"14":[18,1],"15":[2,1],"16":[1,1],"17":[17,2],"18":[12,1],"19":[10,2],"20":[5,1],"21":[2,3],"22":[1,1],"23":[5,2],"24":[2,1],"25":[1,1],"26":[1,0]},"f":{"1":42,"2":19,"3":3,"4":35,"5":5,"6":3,"7":27,"8":2,"9":33,"10":8,"11":19,"12":2,"13":17,"14":12,"15":2,"16":7,"17":2},"fnMap":{"1":{"name":"onlyAdmin","line":59,"loc":{"start":{"line":59,"column":4},"end":{"line":65,"column":4}}},"2":{"name":"onlyAcceptedDonee","line":67,"loc":{"start":{"line":67,"column":4},"end":{"line":73,"column":4}}},"3":{"name":"onlyDonee","line":75,"loc":{"start":{"line":75,"column":4},"end":{"line":81,"column":4}}},"4":{"name":"notRulers","line":83,"loc":{"start":{"line":83,"column":4},"end":{"line":88,"column":4}}},"5":{"name":"doneeRemovalRequirements","line":90,"loc":{"start":{"line":90,"column":4},"end":{"line":96,"column":4}}},"6":{"name":"constructor","line":98,"loc":{"start":{"line":98,"column":4},"end":{"line":100,"column":4}}},"7":{"name":"addAdmin","line":103,"loc":{"start":{"line":103,"column":4},"end":{"line":106,"column":4}}},"8":{"name":"revokeAdmin","line":108,"loc":{"start":{"line":108,"column":4},"end":{"line":115,"column":4}}},"9":{"name":"doneePetition","line":121,"loc":{"start":{"line":121,"column":4},"end":{"line":130,"column":4}}},"10":{"name":"cancelDoneePetition","line":135,"loc":{"start":{"line":135,"column":4},"end":{"line":143,"column":4}}},"11":{"name":"approveDonee","line":148,"loc":{"start":{"line":148,"column":4},"end":{"line":155,"column":4}}},"12":{"name":"rejectDonee","line":157,"loc":{"start":{"line":157,"column":4},"end":{"line":165,"column":4}}},"13":{"name":"becomeDonee","line":167,"loc":{"start":{"line":167,"column":4},"end":{"line":172,"column":4}}},"14":{"name":"addRedFlag","line":178,"loc":{"start":{"line":178,"column":4},"end":{"line":185,"column":4}}},"15":{"name":"removeDonee","line":190,"loc":{"start":{"line":190,"column":4},"end":{"line":200,"column":4}}},"16":{"name":"donate","line":202,"loc":{"start":{"line":202,"column":4},"end":{"line":209,"column":4}}},"17":{"name":"withdraw","line":211,"loc":{"start":{"line":211,"column":4},"end":{"line":221,"column":4}}}},"statementMap":{"1":{"start":{"line":60,"column":8},"end":{"line":60,"column":2296}},"2":{"start":{"line":68,"column":8},"end":{"line":68,"column":2472}},"3":{"start":{"line":76,"column":8},"end":{"line":76,"column":2671}},"4":{"start":{"line":84,"column":8},"end":{"line":84,"column":2871}},"5":{"start":{"line":91,"column":8},"end":{"line":91,"column":3098}},"6":{"start":{"line":105,"column":8},"end":{"line":105,"column":32}},"7":{"start":{"line":109,"column":8},"end":{"line":109,"column":3537}},"8":{"start":{"line":111,"column":12},"end":{"line":111,"column":36}},"9":{"start":{"line":122,"column":8},"end":{"line":122,"column":4101}},"10":{"start":{"line":125,"column":12},"end":{"line":125,"column":54}},"11":{"start":{"line":126,"column":12},"end":{"line":126,"column":23}},"12":{"start":{"line":136,"column":8},"end":{"line":136,"column":4746}},"13":{"start":{"line":139,"column":12},"end":{"line":139,"column":49}},"14":{"start":{"line":149,"column":8},"end":{"line":149,"column":5274}},"15":{"start":{"line":151,"column":12},"end":{"line":151,"column":38}},"16":{"start":{"line":158,"column":8},"end":{"line":158,"column":5589}},"17":{"start":{"line":161,"column":12},"end":{"line":161,"column":38}},"18":{"start":{"line":170,"column":8},"end":{"line":170,"column":60}},"19":{"start":{"line":179,"column":8},"end":{"line":179,"column":6527}},"20":{"start":{"line":181,"column":12},"end":{"line":181,"column":80}},"21":{"start":{"line":191,"column":8},"end":{"line":191,"column":53}},"22":{"start":{"line":192,"column":8},"end":{"line":192,"column":51}},"23":{"start":{"line":193,"column":8},"end":{"line":193,"column":55}},"24":{"start":{"line":195,"column":8},"end":{"line":195,"column":7220}},"25":{"start":{"line":197,"column":12},"end":{"line":197,"column":42}},"26":{"start":{"line":199,"column":8},"end":{"line":199,"column":52}},"27":{"start":{"line":203,"column":8},"end":{"line":203,"column":7487}},"28":{"start":{"line":205,"column":12},"end":{"line":205,"column":58}},"29":{"start":{"line":212,"column":8},"end":{"line":212,"column":7864}},"30":{"start":{"line":213,"column":12},"end":{"line":213,"column":79}},"31":{"start":{"line":215,"column":12},"end":{"line":215,"column":67}},"32":{"start":{"line":216,"column":12},"end":{"line":216,"column":62}},"33":{"start":{"line":217,"column":12},"end":{"line":217,"column":78}}},"branchMap":{"1":{"line":60,"type":"if","locations":[{"start":{"line":60,"column":8},"end":{"line":60,"column":8}},{"start":{"line":60,"column":8},"end":{"line":60,"column":8}}]},"2":{"line":68,"type":"if","locations":[{"start":{"line":68,"column":8},"end":{"line":68,"column":8}},{"start":{"line":68,"column":8},"end":{"line":68,"column":8}}]},"3":{"line":76,"type":"if","locations":[{"start":{"line":76,"column":8},"end":{"line":76,"column":8}},{"start":{"line":76,"column":8},"end":{"line":76,"column":8}}]},"4":{"line":84,"type":"if","locations":[{"start":{"line":84,"column":8},"end":{"line":84,"column":8}},{"start":{"line":84,"column":8},"end":{"line":84,"column":8}}]},"5":{"line":84,"type":"cond-expr","locations":[{"start":{"line":84,"column":12},"end":{"line":84,"column":34}},{"start":{"line":84,"column":39},"end":{"line":84,"column":63}}]},"6":{"line":91,"type":"if","locations":[{"start":{"line":91,"column":8},"end":{"line":91,"column":8}},{"start":{"line":91,"column":8},"end":{"line":91,"column":8}}]},"7":{"line":103,"type":"if","locations":[{"start":{"line":103,"column":48},"end":{"line":103,"column":48}},{"start":{"line":103,"column":48},"end":{"line":103,"column":48}}]},"8":{"line":108,"type":"if","locations":[{"start":{"line":108,"column":49},"end":{"line":108,"column":49}},{"start":{"line":108,"column":49},"end":{"line":108,"column":49}}]},"9":{"line":109,"type":"if","locations":[{"start":{"line":109,"column":8},"end":{"line":109,"column":8}},{"start":{"line":109,"column":8},"end":{"line":109,"column":8}}]},"10":{"line":121,"type":"if","locations":[{"start":{"line":121,"column":58},"end":{"line":121,"column":58}},{"start":{"line":121,"column":58},"end":{"line":121,"column":58}}]},"11":{"line":122,"type":"if","locations":[{"start":{"line":122,"column":8},"end":{"line":122,"column":8}},{"start":{"line":122,"column":8},"end":{"line":122,"column":8}}]},"12":{"line":136,"type":"if","locations":[{"start":{"line":136,"column":8},"end":{"line":136,"column":8}},{"start":{"line":136,"column":8},"end":{"line":136,"column":8}}]},"13":{"line":148,"type":"if","locations":[{"start":{"line":148,"column":57},"end":{"line":148,"column":57}},{"start":{"line":148,"column":57},"end":{"line":148,"column":57}}]},"14":{"line":149,"type":"if","locations":[{"start":{"line":149,"column":8},"end":{"line":149,"column":8}},{"start":{"line":149,"column":8},"end":{"line":149,"column":8}}]},"15":{"line":157,"type":"if","locations":[{"start":{"line":157,"column":56},"end":{"line":157,"column":56}},{"start":{"line":157,"column":56},"end":{"line":157,"column":56}}]},"16":{"line":158,"type":"if","locations":[{"start":{"line":158,"column":8},"end":{"line":158,"column":8}},{"start":{"line":158,"column":8},"end":{"line":158,"column":8}}]},"17":{"line":167,"type":"if","locations":[{"start":{"line":167,"column":77},"end":{"line":167,"column":77}},{"start":{"line":167,"column":77},"end":{"line":167,"column":77}}]},"18":{"line":178,"type":"if","locations":[{"start":{"line":178,"column":66},"end":{"line":178,"column":66}},{"start":{"line":178,"column":66},"end":{"line":178,"column":66}}]},"19":{"line":179,"type":"if","locations":[{"start":{"line":179,"column":8},"end":{"line":179,"column":8}},{"start":{"line":179,"column":8},"end":{"line":179,"column":8}}]},"20":{"line":190,"type":"if","locations":[{"start":{"line":190,"column":75},"end":{"line":190,"column":75}},{"start":{"line":190,"column":75},"end":{"line":190,"column":75}}]},"21":{"line":190,"type":"if","locations":[{"start":{"line":190,"column":87},"end":{"line":190,"column":87}},{"start":{"line":190,"column":87},"end":{"line":190,"column":87}}]},"22":{"line":195,"type":"if","locations":[{"start":{"line":195,"column":8},"end":{"line":195,"column":8}},{"start":{"line":195,"column":8},"end":{"line":195,"column":8}}]},"23":{"line":203,"type":"if","locations":[{"start":{"line":203,"column":8},"end":{"line":203,"column":8}},{"start":{"line":203,"column":8},"end":{"line":203,"column":8}}]},"24":{"line":211,"type":"if","locations":[{"start":{"line":211,"column":31},"end":{"line":211,"column":31}},{"start":{"line":211,"column":31},"end":{"line":211,"column":31}}]},"25":{"line":212,"type":"if","locations":[{"start":{"line":212,"column":8},"end":{"line":212,"column":8}},{"start":{"line":212,"column":8},"end":{"line":212,"column":8}}]},"26":{"line":216,"type":"if","locations":[{"start":{"line":216,"column":12},"end":{"line":216,"column":12}},{"start":{"line":216,"column":12},"end":{"line":216,"column":12}}]}}}}