TN:
SF:/home/useradd/selfMade/defi-donation/hardhat-defi-donation/contracts/DefiContribute.sol
FN:59,onlyAdmin
FN:67,onlyAcceptedDonee
FN:75,onlyDonee
FN:83,notRulers
FN:90,doneeRemovalRequirements
FN:98,constructor
FN:103,addAdmin
FN:108,revokeAdmin
FN:121,doneePetition
FN:135,cancelDoneePetition
FN:148,approveDonee
FN:157,rejectDonee
FN:167,becomeDonee
FN:178,addRedFlag
FN:190,removeDonee
FN:202,donate
FN:211,withdraw
FNF:17
FNH:17
FNDA:42,onlyAdmin
FNDA:19,onlyAcceptedDonee
FNDA:3,onlyDonee
FNDA:35,notRulers
FNDA:5,doneeRemovalRequirements
FNDA:3,constructor
FNDA:27,addAdmin
FNDA:2,revokeAdmin
FNDA:33,doneePetition
FNDA:8,cancelDoneePetition
FNDA:19,approveDonee
FNDA:2,rejectDonee
FNDA:17,becomeDonee
FNDA:12,addRedFlag
FNDA:2,removeDonee
FNDA:7,donate
FNDA:2,withdraw
DA:60,42
DA:61,38
DA:63,4
DA:68,19
DA:69,17
DA:71,2
DA:76,3
DA:77,2
DA:79,1
DA:84,35
DA:85,2
DA:87,33
DA:91,5
DA:92,2
DA:94,3
DA:104,27
DA:105,27
DA:109,2
DA:110,1
DA:111,1
DA:113,1
DA:122,33
DA:123,31
DA:124,31
DA:125,31
DA:126,31
DA:128,2
DA:136,8
DA:137,7
DA:138,7
DA:139,7
DA:141,1
DA:149,19
DA:150,18
DA:151,18
DA:153,1
DA:158,2
DA:159,1
DA:160,1
DA:161,1
DA:163,1
DA:168,17
DA:169,17
DA:170,17
DA:171,17
DA:179,12
DA:180,10
DA:181,10
DA:183,2
DA:191,2
DA:192,2
DA:193,2
DA:194,2
DA:195,2
DA:196,1
DA:197,1
DA:199,2
DA:203,7
DA:204,5
DA:205,5
DA:207,2
DA:212,2
DA:213,1
DA:214,1
DA:215,1
DA:216,1
DA:217,1
DA:219,1
LF:68
LH:68
BRDA:60,1,0,38
BRDA:60,1,1,4
BRDA:68,2,0,17
BRDA:68,2,1,2
BRDA:76,3,0,2
BRDA:76,3,1,1
BRDA:84,4,0,2
BRDA:84,4,1,33
BRDA:84,5,0,1
BRDA:84,5,1,1
BRDA:91,6,0,2
BRDA:91,6,1,3
BRDA:103,7,0,27
BRDA:103,7,1,1
BRDA:108,8,0,2
BRDA:108,8,1,1
BRDA:109,9,0,1
BRDA:109,9,1,1
BRDA:121,10,0,33
BRDA:121,10,1,2
BRDA:122,11,0,31
BRDA:122,11,1,2
BRDA:136,12,0,7
BRDA:136,12,1,1
BRDA:148,13,0,19
BRDA:148,13,1,1
BRDA:149,14,0,18
BRDA:149,14,1,1
BRDA:157,15,0,2
BRDA:157,15,1,1
BRDA:158,16,0,1
BRDA:158,16,1,1
BRDA:167,17,0,17
BRDA:167,17,1,2
BRDA:178,18,0,12
BRDA:178,18,1,1
BRDA:179,19,0,10
BRDA:179,19,1,2
BRDA:190,20,0,5
BRDA:190,20,1,1
BRDA:190,21,0,2
BRDA:190,21,1,3
BRDA:195,22,0,1
BRDA:195,22,1,1
BRDA:203,23,0,5
BRDA:203,23,1,2
BRDA:211,24,0,2
BRDA:211,24,1,1
BRDA:212,25,0,1
BRDA:212,25,1,1
BRDA:216,26,0,1
BRDA:216,26,1,0
BRF:52
BRH:51
end_of_record
